  color.cpp
c:\program files (x86)\windows kits\10\include\10.0.17134.0\um\winuser.h(3515): warning C4005: 'MOD_ALT': macro redefinition
  c:\users\kasi sai teja\source\sph_111987438\sph_111987438\misc.h(43): note: see previous definition of 'MOD_ALT'
c:\program files (x86)\windows kits\10\include\10.0.17134.0\um\winuser.h(3517): warning C4005: 'MOD_SHIFT': macro redefinition
  c:\users\kasi sai teja\source\sph_111987438\sph_111987438\misc.h(41): note: see previous definition of 'MOD_SHIFT'
c:\users\kasi sai teja\source\sph_111987438\sph_111987438\color.cpp(18): warning C4305: 'initializing': truncation from 'double' to 'float'
c:\users\kasi sai teja\source\sph_111987438\sph_111987438\color.cpp(48): warning C4244: '=': conversion from 'double' to 'float', possible loss of data
c:\users\kasi sai teja\source\sph_111987438\sph_111987438\color.cpp(49): warning C4244: '=': conversion from 'double' to 'float', possible loss of data
c:\users\kasi sai teja\source\sph_111987438\sph_111987438\color.cpp(50): warning C4244: '=': conversion from 'double' to 'float', possible loss of data
  Particle.cpp
c:\program files (x86)\windows kits\10\include\10.0.17134.0\um\winuser.h(3515): warning C4005: 'MOD_ALT': macro redefinition
  c:\users\kasi sai teja\source\sph_111987438\sph_111987438\misc.h(43): note: see previous definition of 'MOD_ALT'
c:\program files (x86)\windows kits\10\include\10.0.17134.0\um\winuser.h(3517): warning C4005: 'MOD_SHIFT': macro redefinition
  c:\users\kasi sai teja\source\sph_111987438\sph_111987438\misc.h(41): note: see previous definition of 'MOD_SHIFT'
  sphsystem.cpp
c:\program files (x86)\windows kits\10\include\10.0.17134.0\um\winuser.h(3515): warning C4005: 'MOD_ALT': macro redefinition
  c:\users\kasi sai teja\source\sph_111987438\sph_111987438\misc.h(43): note: see previous definition of 'MOD_ALT'
c:\program files (x86)\windows kits\10\include\10.0.17134.0\um\winuser.h(3517): warning C4005: 'MOD_SHIFT': macro redefinition
  c:\users\kasi sai teja\source\sph_111987438\sph_111987438\misc.h(41): note: see previous definition of 'MOD_SHIFT'
  sph_main.cpp
c:\program files (x86)\windows kits\10\include\10.0.17134.0\um\winuser.h(3515): warning C4005: 'MOD_ALT': macro redefinition
  c:\users\kasi sai teja\source\sph_111987438\sph_111987438\misc.h(43): note: see previous definition of 'MOD_ALT'
c:\program files (x86)\windows kits\10\include\10.0.17134.0\um\winuser.h(3517): warning C4005: 'MOD_SHIFT': macro redefinition
  c:\users\kasi sai teja\source\sph_111987438\sph_111987438\misc.h(41): note: see previous definition of 'MOD_SHIFT'
c:\users\kasi sai teja\source\sph_111987438\sph_111987438\sph_main.cpp(13): warning C4005: '_CRT_SECURE_NO_WARNINGS': macro redefinition
  c:\users\kasi sai teja\source\sph_111987438\sph_111987438\sph_main.cpp: note: see previous definition of '_CRT_SECURE_NO_WARNINGS'
  stdafx.cpp
c:\program files (x86)\windows kits\10\include\10.0.17134.0\um\winuser.h(3515): warning C4005: 'MOD_ALT': macro redefinition
  c:\users\kasi sai teja\source\sph_111987438\sph_111987438\misc.h(43): note: see previous definition of 'MOD_ALT'
c:\program files (x86)\windows kits\10\include\10.0.17134.0\um\winuser.h(3517): warning C4005: 'MOD_SHIFT': macro redefinition
  c:\users\kasi sai teja\source\sph_111987438\sph_111987438\misc.h(41): note: see previous definition of 'MOD_SHIFT'
  Timer.cpp
c:\program files (x86)\windows kits\10\include\10.0.17134.0\um\winuser.h(3515): warning C4005: 'MOD_ALT': macro redefinition
  c:\users\kasi sai teja\source\sph_111987438\sph_111987438\misc.h(43): note: see previous definition of 'MOD_ALT'
c:\program files (x86)\windows kits\10\include\10.0.17134.0\um\winuser.h(3517): warning C4005: 'MOD_SHIFT': macro redefinition
  c:\users\kasi sai teja\source\sph_111987438\sph_111987438\misc.h(41): note: see previous definition of 'MOD_SHIFT'
  vector3D.cpp
c:\program files (x86)\windows kits\10\include\10.0.17134.0\um\winuser.h(3515): warning C4005: 'MOD_ALT': macro redefinition
  c:\users\kasi sai teja\source\sph_111987438\sph_111987438\misc.h(43): note: see previous definition of 'MOD_ALT'
c:\program files (x86)\windows kits\10\include\10.0.17134.0\um\winuser.h(3517): warning C4005: 'MOD_SHIFT': macro redefinition
  c:\users\kasi sai teja\source\sph_111987438\sph_111987438\misc.h(41): note: see previous definition of 'MOD_SHIFT'
  Generating Code...
  LINK : C:\Users\Kasi Sai Teja\source\sph_111987438\Debug\sph_111987438.exe not found or not built by the last incremental link; performing full link
LINK : warning LNK4098: defaultlib 'LIBCMT' conflicts with use of other libs; use /NODEFAULTLIB:library
glew32s.lib(glew.obj) : warning LNK4099: PDB 'vc120.pdb' was not found with 'glew32s.lib(glew.obj)' or at 'C:\Users\Kasi Sai Teja\source\sph_111987438\Debug\vc120.pdb'; linking object as if no debug info
  sph_111987438.vcxproj -> C:\Users\Kasi Sai Teja\source\sph_111987438\Debug\sph_111987438.exe
